STARTING
USE_HTTPS=true but PUBLIC_ORIGIN is not https: http://localhost:3001
API listening on https://0.0.0.0:3001
[22:54:06.295] INFO (94010): Server listening at https://0.0.0.0:3001
[22:54:48.418] INFO (94010): incoming request
    reqId: "req-1"
    req: {
      "method": "POST",
      "url": "/api/pay",
      "hostname": "localhost:3001",
      "remoteAddress": "127.0.0.1",
      "remotePort": 52955
    }
[22:54:49.834] INFO (94010): request completed
    reqId: "req-1"
    res: {
      "statusCode": 201
    }
    responseTime: 1415.4805829524994
[22:54:50.370] INFO (94010): incoming request
    reqId: "req-2"
    req: {
      "method": "GET",
      "url": "/api/lnurlp/pay/status/40e634c9f21770974d41150dc738c3017cd8e88f75e4e192a0055b5372bb13e9",
      "hostname": "localhost:3001",
      "remoteAddress": "127.0.0.1",
      "remotePort": 52955
    }
[22:54:50.372] INFO (94010): request completed
    reqId: "req-2"
    res: {
      "statusCode": 404
    }
    responseTime: 1.4944159984588623
[22:54:51.373] INFO (94010): incoming request
    reqId: "req-3"
    req: {
      "method": "GET",
      "url": "/api/lnurlp/pay/status/40e634c9f21770974d41150dc738c3017cd8e88f75e4e192a0055b5372bb13e9",
      "hostname": "localhost:3001",
      "remoteAddress": "127.0.0.1",
      "remotePort": 52955
    }
[22:54:51.375] INFO (94010): request completed
    reqId: "req-3"
    res: {
      "statusCode": 404
    }
    responseTime: 1.1265408992767334
[22:54:52.381] INFO (94010): incoming request
    reqId: "req-4"
    req: {
      "method": "GET",
      "url": "/api/lnurlp/pay/status/40e634c9f21770974d41150dc738c3017cd8e88f75e4e192a0055b5372bb13e9",
      "hostname": "localhost:3001",
      "remoteAddress": "127.0.0.1",
      "remotePort": 52955
    }
[22:54:52.386] INFO (94010): request completed
    reqId: "req-4"
    res: {
      "statusCode": 404
    }
    responseTime: 3.996790885925293
[22:54:53.390] INFO (94010): incoming request
    reqId: "req-5"
    req: {
      "method": "GET",
      "url": "/api/lnurlp/pay/status/40e634c9f21770974d41150dc738c3017cd8e88f75e4e192a0055b5372bb13e9",
      "hostname": "localhost:3001",
      "remoteAddress": "127.0.0.1",
      "remotePort": 52955
    }
[22:54:53.394] INFO (94010): request completed
    reqId: "req-5"
    res: {
      "statusCode": 404
    }
    responseTime: 3.2532920837402344
[22:54:54.395] INFO (94010): incoming request
    reqId: "req-6"
    req: {
      "method": "GET",
      "url": "/api/lnurlp/pay/status/40e634c9f21770974d41150dc738c3017cd8e88f75e4e192a0055b5372bb13e9",
      "hostname": "localhost:3001",
      "remoteAddress": "127.0.0.1",
      "remotePort": 52955
    }
[22:54:54.396] INFO (94010): request completed
    reqId: "req-6"
    res: {
      "statusCode": 404
    }
    responseTime: 1.0287909507751465
[22:54:55.398] INFO (94010): incoming request
    reqId: "req-7"
    req: {
      "method": "GET",
      "url": "/api/lnurlp/pay/status/40e634c9f21770974d41150dc738c3017cd8e88f75e4e192a0055b5372bb13e9",
      "hostname": "localhost:3001",
      "remoteAddress": "127.0.0.1",
      "remotePort": 52955
    }
[22:54:55.401] INFO (94010): request completed
    reqId: "req-7"
    res: {
      "statusCode": 404
    }
    responseTime: 2.1556670665740967
[22:54:56.402] INFO (94010): incoming request
    reqId: "req-8"
    req: {
      "method": "GET",
      "url": "/api/lnurlp/pay/status/40e634c9f21770974d41150dc738c3017cd8e88f75e4e192a0055b5372bb13e9",
      "hostname": "localhost:3001",
      "remoteAddress": "127.0.0.1",
      "remotePort": 52955
    }
[22:54:56.404] INFO (94010): request completed
    reqId: "req-8"
    res: {
      "statusCode": 404
    }
    responseTime: 1.4864578247070312
[22:54:57.409] INFO (94010): incoming request
    reqId: "req-9"
    req: {
      "method": "GET",
      "url": "/api/lnurlp/pay/status/40e634c9f21770974d41150dc738c3017cd8e88f75e4e192a0055b5372bb13e9",
      "hostname": "localhost:3001",
      "remoteAddress": "127.0.0.1",
      "remotePort": 52955
    }
[22:54:57.413] INFO (94010): request completed
    reqId: "req-9"
    res: {
      "statusCode": 404
    }
    responseTime: 3.1453750133514404
[22:54:58.418] INFO (94010): incoming request
    reqId: "req-a"
    req: {
      "method": "GET",
      "url": "/api/lnurlp/pay/status/40e634c9f21770974d41150dc738c3017cd8e88f75e4e192a0055b5372bb13e9",
      "hostname": "localhost:3001",
      "remoteAddress": "127.0.0.1",
      "remotePort": 52955
    }
[22:54:58.423] INFO (94010): request completed
    reqId: "req-a"
    res: {
      "statusCode": 404
    }
    responseTime: 3.304417133331299
[22:54:59.425] INFO (94010): incoming request
    reqId: "req-b"
    req: {
      "method": "GET",
      "url": "/api/lnurlp/pay/status/40e634c9f21770974d41150dc738c3017cd8e88f75e4e192a0055b5372bb13e9",
      "hostname": "localhost:3001",
      "remoteAddress": "127.0.0.1",
      "remotePort": 52955
    }
[22:54:59.428] INFO (94010): request completed
    reqId: "req-b"
    res: {
      "statusCode": 404
    }
    responseTime: 2.505500078201294
[22:55:00.432] INFO (94010): incoming request
    reqId: "req-c"
    req: {
      "method": "GET",
      "url": "/api/lnurlp/pay/status/40e634c9f21770974d41150dc738c3017cd8e88f75e4e192a0055b5372bb13e9",
      "hostname": "localhost:3001",
      "remoteAddress": "127.0.0.1",
      "remotePort": 52955
    }
[22:55:00.436] INFO (94010): request completed
    reqId: "req-c"
    res: {
      "statusCode": 404
    }
    responseTime: 3.2347919940948486
[22:55:01.436] INFO (94010): incoming request
    reqId: "req-d"
    req: {
      "method": "GET",
      "url": "/api/lnurlp/pay/status/40e634c9f21770974d41150dc738c3017cd8e88f75e4e192a0055b5372bb13e9",
      "hostname": "localhost:3001",
      "remoteAddress": "127.0.0.1",
      "remotePort": 52955
    }
[22:55:01.438] INFO (94010): request completed
    reqId: "req-d"
    res: {
      "statusCode": 404
    }
    responseTime: 0.9742081165313721
[22:55:02.442] INFO (94010): incoming request
    reqId: "req-e"
    req: {
      "method": "GET",
      "url": "/api/lnurlp/pay/status/40e634c9f21770974d41150dc738c3017cd8e88f75e4e192a0055b5372bb13e9",
      "hostname": "localhost:3001",
      "remoteAddress": "127.0.0.1",
      "remotePort": 52955
    }
[22:55:02.448] INFO (94010): request completed
    reqId: "req-e"
    res: {
      "statusCode": 404
    }
    responseTime: 4.125416040420532
[22:55:03.453] INFO (94010): incoming request
    reqId: "req-f"
    req: {
      "method": "GET",
      "url": "/api/lnurlp/pay/status/40e634c9f21770974d41150dc738c3017cd8e88f75e4e192a0055b5372bb13e9",
      "hostname": "localhost:3001",
      "remoteAddress": "127.0.0.1",
      "remotePort": 52955
    }
[22:55:03.458] INFO (94010): request completed
    reqId: "req-f"
    res: {
      "statusCode": 404
    }
    responseTime: 3.930166006088257
[22:55:04.462] INFO (94010): incoming request
    reqId: "req-g"
    req: {
      "method": "GET",
      "url": "/api/lnurlp/pay/status/40e634c9f21770974d41150dc738c3017cd8e88f75e4e192a0055b5372bb13e9",
      "hostname": "localhost:3001",
      "remoteAddress": "127.0.0.1",
      "remotePort": 52955
    }
[22:55:04.466] INFO (94010): request completed
    reqId: "req-g"
    res: {
      "statusCode": 404
    }
    responseTime: 3.3634581565856934
[22:56:05.883] INFO (94010): incoming request
    reqId: "req-h"
    req: {
      "method": "POST",
      "url": "/api/pay",
      "hostname": "localhost:3001",
      "remoteAddress": "127.0.0.1",
      "remotePort": 53063
    }
[22:56:07.190] INFO (94010): request completed
    reqId: "req-h"
    res: {
      "statusCode": 201
    }
    responseTime: 1306.4216668605804
[22:56:07.682] INFO (94010): incoming request
    reqId: "req-i"
    req: {
      "method": "GET",
      "url": "/api/lnurlp/pay/status/25301e9916a0ec7d5436e61e2347be6fe2f870655a633162718611cad2a93fd9",
      "hostname": "localhost:3001",
      "remoteAddress": "127.0.0.1",
      "remotePort": 53063
    }
[22:56:07.704] INFO (94010): request completed
    reqId: "req-i"
    res: {
      "statusCode": 200
    }
    responseTime: 21.835541009902954
